<?xml version="1.0" encoding="UTF-8"?>
<testsuite xmlns:xsi="http://www.w3.org/2001/XMLSchema-instance" xsi:noNamespaceSchemaLocation="https://maven.apache.org/surefire/maven-surefire-plugin/xsd/surefire-test-report.xsd" name="RunCucumberTest" time="20.396" tests="1" errors="0" skipped="0" failures="0">
  <properties>
    <property name="java.specification.version" value="15"/>
    <property name="sun.cpu.isalist" value="amd64"/>
    <property name="sun.jnu.encoding" value="Cp1251"/>
    <property name="java.class.path" value="C:\Users\79048\IdeaProjects\Home_Work_Selenium\target\test-classes;C:\Users\79048\IdeaProjects\Home_Work_Selenium\target\classes;C:\Users\79048\.m2\repository\io\cucumber\cucumber-java\6.10.1\cucumber-java-6.10.1.jar;C:\Users\79048\.m2\repository\io\cucumber\cucumber-core\6.10.1\cucumber-core-6.10.1.jar;C:\Users\79048\.m2\repository\io\cucumber\cucumber-gherkin\6.10.1\cucumber-gherkin-6.10.1.jar;C:\Users\79048\.m2\repository\io\cucumber\cucumber-gherkin-messages\6.10.1\cucumber-gherkin-messages-6.10.1.jar;C:\Users\79048\.m2\repository\io\cucumber\messages\14.0.1\messages-14.0.1.jar;C:\Users\79048\.m2\repository\io\cucumber\tag-expressions\3.0.0\tag-expressions-3.0.0.jar;C:\Users\79048\.m2\repository\io\cucumber\cucumber-expressions\10.3.0\cucumber-expressions-10.3.0.jar;C:\Users\79048\.m2\repository\io\cucumber\cucumber-plugin\6.10.1\cucumber-plugin-6.10.1.jar;C:\Users\79048\.m2\repository\io\cucumber\docstring\6.10.1\docstring-6.10.1.jar;C:\Users\79048\.m2\repository\io\cucumber\html-formatter\12.0.0\html-formatter-12.0.0.jar;C:\Users\79048\.m2\repository\io\cucumber\create-meta\3.0.0\create-meta-3.0.0.jar;C:\Users\79048\.m2\repository\org\apiguardian\apiguardian-api\1.1.1\apiguardian-api-1.1.1.jar;C:\Users\79048\.m2\repository\io\cucumber\cucumber-junit\6.10.1\cucumber-junit-6.10.1.jar;C:\Users\79048\.m2\repository\junit\junit\4.13.2\junit-4.13.2.jar;C:\Users\79048\.m2\repository\org\hamcrest\hamcrest-core\1.3\hamcrest-core-1.3.jar;C:\Users\79048\.m2\repository\org\seleniumhq\selenium\selenium-java\3.141.59\selenium-java-3.141.59.jar;C:\Users\79048\.m2\repository\org\seleniumhq\selenium\selenium-api\3.141.59\selenium-api-3.141.59.jar;C:\Users\79048\.m2\repository\org\seleniumhq\selenium\selenium-chrome-driver\3.141.59\selenium-chrome-driver-3.141.59.jar;C:\Users\79048\.m2\repository\org\seleniumhq\selenium\selenium-edge-driver\3.141.59\selenium-edge-driver-3.141.59.jar;C:\Users\79048\.m2\repository\org\seleniumhq\selenium\selenium-firefox-driver\3.141.59\selenium-firefox-driver-3.141.59.jar;C:\Users\79048\.m2\repository\org\seleniumhq\selenium\selenium-ie-driver\3.141.59\selenium-ie-driver-3.141.59.jar;C:\Users\79048\.m2\repository\org\seleniumhq\selenium\selenium-opera-driver\3.141.59\selenium-opera-driver-3.141.59.jar;C:\Users\79048\.m2\repository\org\seleniumhq\selenium\selenium-remote-driver\3.141.59\selenium-remote-driver-3.141.59.jar;C:\Users\79048\.m2\repository\org\seleniumhq\selenium\selenium-safari-driver\3.141.59\selenium-safari-driver-3.141.59.jar;C:\Users\79048\.m2\repository\org\seleniumhq\selenium\selenium-support\3.141.59\selenium-support-3.141.59.jar;C:\Users\79048\.m2\repository\net\bytebuddy\byte-buddy\1.8.15\byte-buddy-1.8.15.jar;C:\Users\79048\.m2\repository\org\apache\commons\commons-exec\1.3\commons-exec-1.3.jar;C:\Users\79048\.m2\repository\com\google\guava\guava\25.0-jre\guava-25.0-jre.jar;C:\Users\79048\.m2\repository\com\google\code\findbugs\jsr305\1.3.9\jsr305-1.3.9.jar;C:\Users\79048\.m2\repository\org\checkerframework\checker-compat-qual\2.0.0\checker-compat-qual-2.0.0.jar;C:\Users\79048\.m2\repository\com\google\errorprone\error_prone_annotations\2.1.3\error_prone_annotations-2.1.3.jar;C:\Users\79048\.m2\repository\com\google\j2objc\j2objc-annotations\1.1\j2objc-annotations-1.1.jar;C:\Users\79048\.m2\repository\org\codehaus\mojo\animal-sniffer-annotations\1.14\animal-sniffer-annotations-1.14.jar;C:\Users\79048\.m2\repository\com\squareup\okhttp3\okhttp\3.11.0\okhttp-3.11.0.jar;C:\Users\79048\.m2\repository\com\squareup\okio\okio\1.14.0\okio-1.14.0.jar;C:\Users\79048\.m2\repository\io\cucumber\datatable\3.5.0\datatable-3.5.0.jar;C:\Users\79048\.m2\repository\io\qameta\allure\allure-junit5\2.13.8\allure-junit5-2.13.8.jar;C:\Users\79048\.m2\repository\io\qameta\allure\allure-junit-platform\2.13.8\allure-junit-platform-2.13.8.jar;C:\Users\79048\.m2\repository\io\qameta\allure\allure-java-commons\2.13.8\allure-java-commons-2.13.8.jar;C:\Users\79048\.m2\repository\io\qameta\allure\allure-model\2.13.8\allure-model-2.13.8.jar;C:\Users\79048\.m2\repository\org\slf4j\slf4j-api\1.7.30\slf4j-api-1.7.30.jar;C:\Users\79048\.m2\repository\com\fasterxml\jackson\core\jackson-databind\2.11.3\jackson-databind-2.11.3.jar;C:\Users\79048\.m2\repository\com\fasterxml\jackson\core\jackson-annotations\2.11.3\jackson-annotations-2.11.3.jar;C:\Users\79048\.m2\repository\com\fasterxml\jackson\core\jackson-core\2.11.3\jackson-core-2.11.3.jar;C:\Users\79048\.m2\repository\org\apache\tika\tika-core\1.24.1\tika-core-1.24.1.jar;C:\Users\79048\.m2\repository\org\jooq\joor-java-8\0.9.13\joor-java-8-0.9.13.jar;C:\Users\79048\.m2\repository\org\junit\jupiter\junit-jupiter-api\5.7.0\junit-jupiter-api-5.7.0.jar;C:\Users\79048\.m2\repository\org\opentest4j\opentest4j\1.2.0\opentest4j-1.2.0.jar;C:\Users\79048\.m2\repository\org\junit\platform\junit-platform-commons\1.7.0\junit-platform-commons-1.7.0.jar;C:\Users\79048\.m2\repository\org\junit\platform\junit-platform-launcher\1.7.0\junit-platform-launcher-1.7.0.jar;C:\Users\79048\.m2\repository\org\junit\platform\junit-platform-engine\1.7.0\junit-platform-engine-1.7.0.jar;"/>
    <property name="java.vm.vendor" value="Oracle Corporation"/>
    <property name="sun.arch.data.model" value="64"/>
    <property name="user.variant" value=""/>
    <property name="java.vendor.url" value="https://java.oracle.com/"/>
    <property name="os.name" value="Windows 10"/>
    <property name="java.vm.specification.version" value="15"/>
    <property name="sun.java.launcher" value="SUN_STANDARD"/>
    <property name="user.country" value="RU"/>
    <property name="sun.boot.library.path" value="C:\Program Files\Java\jdk-15.0.2\bin"/>
    <property name="sun.java.command" value="C:\Users\79048\AppData\Local\Temp\surefire403451256769396958\surefirebooter7996333178786126473.jar C:\Users\79048\AppData\Local\Temp\surefire403451256769396958 2021-03-14T12-34-36_109-jvmRun1 surefire6670735566855362818tmp surefire_07375843265779707434tmp"/>
    <property name="jdk.debug" value="release"/>
    <property name="surefire.test.class.path" value="C:\Users\79048\IdeaProjects\Home_Work_Selenium\target\test-classes;C:\Users\79048\IdeaProjects\Home_Work_Selenium\target\classes;C:\Users\79048\.m2\repository\io\cucumber\cucumber-java\6.10.1\cucumber-java-6.10.1.jar;C:\Users\79048\.m2\repository\io\cucumber\cucumber-core\6.10.1\cucumber-core-6.10.1.jar;C:\Users\79048\.m2\repository\io\cucumber\cucumber-gherkin\6.10.1\cucumber-gherkin-6.10.1.jar;C:\Users\79048\.m2\repository\io\cucumber\cucumber-gherkin-messages\6.10.1\cucumber-gherkin-messages-6.10.1.jar;C:\Users\79048\.m2\repository\io\cucumber\messages\14.0.1\messages-14.0.1.jar;C:\Users\79048\.m2\repository\io\cucumber\tag-expressions\3.0.0\tag-expressions-3.0.0.jar;C:\Users\79048\.m2\repository\io\cucumber\cucumber-expressions\10.3.0\cucumber-expressions-10.3.0.jar;C:\Users\79048\.m2\repository\io\cucumber\cucumber-plugin\6.10.1\cucumber-plugin-6.10.1.jar;C:\Users\79048\.m2\repository\io\cucumber\docstring\6.10.1\docstring-6.10.1.jar;C:\Users\79048\.m2\repository\io\cucumber\html-formatter\12.0.0\html-formatter-12.0.0.jar;C:\Users\79048\.m2\repository\io\cucumber\create-meta\3.0.0\create-meta-3.0.0.jar;C:\Users\79048\.m2\repository\org\apiguardian\apiguardian-api\1.1.1\apiguardian-api-1.1.1.jar;C:\Users\79048\.m2\repository\io\cucumber\cucumber-junit\6.10.1\cucumber-junit-6.10.1.jar;C:\Users\79048\.m2\repository\junit\junit\4.13.2\junit-4.13.2.jar;C:\Users\79048\.m2\repository\org\hamcrest\hamcrest-core\1.3\hamcrest-core-1.3.jar;C:\Users\79048\.m2\repository\org\seleniumhq\selenium\selenium-java\3.141.59\selenium-java-3.141.59.jar;C:\Users\79048\.m2\repository\org\seleniumhq\selenium\selenium-api\3.141.59\selenium-api-3.141.59.jar;C:\Users\79048\.m2\repository\org\seleniumhq\selenium\selenium-chrome-driver\3.141.59\selenium-chrome-driver-3.141.59.jar;C:\Users\79048\.m2\repository\org\seleniumhq\selenium\selenium-edge-driver\3.141.59\selenium-edge-driver-3.141.59.jar;C:\Users\79048\.m2\repository\org\seleniumhq\selenium\selenium-firefox-driver\3.141.59\selenium-firefox-driver-3.141.59.jar;C:\Users\79048\.m2\repository\org\seleniumhq\selenium\selenium-ie-driver\3.141.59\selenium-ie-driver-3.141.59.jar;C:\Users\79048\.m2\repository\org\seleniumhq\selenium\selenium-opera-driver\3.141.59\selenium-opera-driver-3.141.59.jar;C:\Users\79048\.m2\repository\org\seleniumhq\selenium\selenium-remote-driver\3.141.59\selenium-remote-driver-3.141.59.jar;C:\Users\79048\.m2\repository\org\seleniumhq\selenium\selenium-safari-driver\3.141.59\selenium-safari-driver-3.141.59.jar;C:\Users\79048\.m2\repository\org\seleniumhq\selenium\selenium-support\3.141.59\selenium-support-3.141.59.jar;C:\Users\79048\.m2\repository\net\bytebuddy\byte-buddy\1.8.15\byte-buddy-1.8.15.jar;C:\Users\79048\.m2\repository\org\apache\commons\commons-exec\1.3\commons-exec-1.3.jar;C:\Users\79048\.m2\repository\com\google\guava\guava\25.0-jre\guava-25.0-jre.jar;C:\Users\79048\.m2\repository\com\google\code\findbugs\jsr305\1.3.9\jsr305-1.3.9.jar;C:\Users\79048\.m2\repository\org\checkerframework\checker-compat-qual\2.0.0\checker-compat-qual-2.0.0.jar;C:\Users\79048\.m2\repository\com\google\errorprone\error_prone_annotations\2.1.3\error_prone_annotations-2.1.3.jar;C:\Users\79048\.m2\repository\com\google\j2objc\j2objc-annotations\1.1\j2objc-annotations-1.1.jar;C:\Users\79048\.m2\repository\org\codehaus\mojo\animal-sniffer-annotations\1.14\animal-sniffer-annotations-1.14.jar;C:\Users\79048\.m2\repository\com\squareup\okhttp3\okhttp\3.11.0\okhttp-3.11.0.jar;C:\Users\79048\.m2\repository\com\squareup\okio\okio\1.14.0\okio-1.14.0.jar;C:\Users\79048\.m2\repository\io\cucumber\datatable\3.5.0\datatable-3.5.0.jar;C:\Users\79048\.m2\repository\io\qameta\allure\allure-junit5\2.13.8\allure-junit5-2.13.8.jar;C:\Users\79048\.m2\repository\io\qameta\allure\allure-junit-platform\2.13.8\allure-junit-platform-2.13.8.jar;C:\Users\79048\.m2\repository\io\qameta\allure\allure-java-commons\2.13.8\allure-java-commons-2.13.8.jar;C:\Users\79048\.m2\repository\io\qameta\allure\allure-model\2.13.8\allure-model-2.13.8.jar;C:\Users\79048\.m2\repository\org\slf4j\slf4j-api\1.7.30\slf4j-api-1.7.30.jar;C:\Users\79048\.m2\repository\com\fasterxml\jackson\core\jackson-databind\2.11.3\jackson-databind-2.11.3.jar;C:\Users\79048\.m2\repository\com\fasterxml\jackson\core\jackson-annotations\2.11.3\jackson-annotations-2.11.3.jar;C:\Users\79048\.m2\repository\com\fasterxml\jackson\core\jackson-core\2.11.3\jackson-core-2.11.3.jar;C:\Users\79048\.m2\repository\org\apache\tika\tika-core\1.24.1\tika-core-1.24.1.jar;C:\Users\79048\.m2\repository\org\jooq\joor-java-8\0.9.13\joor-java-8-0.9.13.jar;C:\Users\79048\.m2\repository\org\junit\jupiter\junit-jupiter-api\5.7.0\junit-jupiter-api-5.7.0.jar;C:\Users\79048\.m2\repository\org\opentest4j\opentest4j\1.2.0\opentest4j-1.2.0.jar;C:\Users\79048\.m2\repository\org\junit\platform\junit-platform-commons\1.7.0\junit-platform-commons-1.7.0.jar;C:\Users\79048\.m2\repository\org\junit\platform\junit-platform-launcher\1.7.0\junit-platform-launcher-1.7.0.jar;C:\Users\79048\.m2\repository\org\junit\platform\junit-platform-engine\1.7.0\junit-platform-engine-1.7.0.jar;"/>
    <property name="allure.results.directory" value="C:\Users\79048\IdeaProjects\Home_Work_Selenium\target/allure-results"/>
    <property name="sun.cpu.endian" value="little"/>
    <property name="user.home" value="C:\Users\79048"/>
    <property name="user.language" value="ru"/>
    <property name="java.specification.vendor" value="Oracle Corporation"/>
    <property name="java.version.date" value="2021-01-19"/>
    <property name="java.home" value="C:\Program Files\Java\jdk-15.0.2"/>
    <property name="file.separator" value="\"/>
    <property name="basedir" value="C:\Users\79048\IdeaProjects\Home_Work_Selenium"/>
    <property name="java.vm.compressedOopsMode" value="Zero based"/>
    <property name="line.separator" value="&#10;"/>
    <property name="java.vm.specification.vendor" value="Oracle Corporation"/>
    <property name="java.specification.name" value="Java Platform API Specification"/>
    <property name="surefire.real.class.path" value="C:\Users\79048\AppData\Local\Temp\surefire403451256769396958\surefirebooter7996333178786126473.jar"/>
    <property name="user.script" value=""/>
    <property name="sun.management.compiler" value="HotSpot 64-Bit Tiered Compilers"/>
    <property name="java.runtime.version" value="15.0.2+7-27"/>
    <property name="user.name" value="79048"/>
    <property name="path.separator" value=";"/>
    <property name="os.version" value="10.0"/>
    <property name="java.runtime.name" value="Java(TM) SE Runtime Environment"/>
    <property name="file.encoding" value="Cp1251"/>
    <property name="java.vm.name" value="Java HotSpot(TM) 64-Bit Server VM"/>
    <property name="localRepository" value="C:\Users\79048\.m2\repository"/>
    <property name="java.vendor.url.bug" value="https://bugreport.java.com/bugreport/"/>
    <property name="java.io.tmpdir" value="C:\Users\79048\AppData\Local\Temp\"/>
    <property name="java.version" value="15.0.2"/>
    <property name="user.dir" value="C:\Users\79048\IdeaProjects\Home_Work_Selenium"/>
    <property name="os.arch" value="amd64"/>
    <property name="java.vm.specification.name" value="Java Virtual Machine Specification"/>
    <property name="sun.os.patch.level" value=""/>
    <property name="java.library.path" value="C:\Program Files\Java\jdk-15.0.2\bin;C:\Windows\Sun\Java\bin;C:\Windows\system32;C:\Windows;C:\Program Files\Common Files\Oracle\Java\javapath;C:\Windows\system32;C:\Windows;C:\Windows\System32\Wbem;C:\Windows\System32\WindowsPowerShell\v1.0\;C:\Windows\System32\OpenSSH\;D:\приложения\Git\cmd;C:\dev\Java\bin;C:\Users\79048\AppData\Local\Microsoft\WindowsApps;C:\Program Files\JetBrains\IntelliJ IDEA Community Edition 2020.2.3\bin;C:\Users\79048\AppData\Local\atom\bin;C:\dev\apache-maven-3.6.3\bin;C:\Program Files\Java\jdk-15.0.2\bin;;."/>
    <property name="junit.jupiter.extensions.autodetection.enabled" value="true"/>
    <property name="java.vm.info" value="mixed mode, sharing"/>
    <property name="java.vendor" value="Oracle Corporation"/>
    <property name="java.vm.version" value="15.0.2+7-27"/>
    <property name="sun.io.unicode.encoding" value="UnicodeLittle"/>
    <property name="java.class.version" value="59.0"/>
  </properties>
  <testcase name="Найдем самые дорогие принтеры на авито" classname="Поиск авито" time="19.44"/>
</testsuite>